

Started GET "/tests" for 127.0.0.1 at 2015-05-23 13:14:28 +0200
Connecting to database specified by database.yml

ActionController::RoutingError (No route matches [GET] "/tests"):
  actionpack (3.2.16) lib/action_dispatch/middleware/debug_exceptions.rb:21:in `call'
  actionpack (3.2.16) lib/action_dispatch/middleware/show_exceptions.rb:56:in `call'
  railties (3.2.16) lib/rails/rack/logger.rb:32:in `call_app'
  railties (3.2.16) lib/rails/rack/logger.rb:16:in `block in call'
  activesupport (3.2.16) lib/active_support/tagged_logging.rb:22:in `tagged'
  railties (3.2.16) lib/rails/rack/logger.rb:16:in `call'
  actionpack (3.2.16) lib/action_dispatch/middleware/request_id.rb:22:in `call'
  rack (1.4.5) lib/rack/methodoverride.rb:21:in `call'
  rack (1.4.5) lib/rack/runtime.rb:17:in `call'
  activesupport (3.2.16) lib/active_support/cache/strategy/local_cache.rb:72:in `call'
  rack (1.4.5) lib/rack/lock.rb:15:in `call'
  actionpack (3.2.16) lib/action_dispatch/middleware/static.rb:63:in `call'
  railties (3.2.16) lib/rails/engine.rb:484:in `call'
  railties (3.2.16) lib/rails/application.rb:231:in `call'
  rack (1.4.5) lib/rack/content_length.rb:14:in `call'
  railties (3.2.16) lib/rails/rack/log_tailer.rb:17:in `call'
  rack (1.4.5) lib/rack/handler/webrick.rb:59:in `service'
  C:/RailsInstaller/Ruby2.0.0/lib/ruby/2.0.0/webrick/httpserver.rb:138:in `service'
  C:/RailsInstaller/Ruby2.0.0/lib/ruby/2.0.0/webrick/httpserver.rb:94:in `run'
  C:/RailsInstaller/Ruby2.0.0/lib/ruby/2.0.0/webrick/server.rb:295:in `block in start_thread'


  Rendered C:/RailsInstaller/Ruby2.0.0/lib/ruby/gems/2.0.0/gems/actionpack-3.2.16/lib/action_dispatch/middleware/templates/rescues/routing_error.erb within rescues/layout (15.6ms)


Started GET "/" for 127.0.0.1 at 2015-05-23 13:14:32 +0200
Processing by StoreController#index as HTML
Completed 500 Internal Server Error in 93.6ms

ActiveRecord::StatementInvalid (Could not find table 'products'):
  app/controllers/store_controller.rb:4:in `index'


  Rendered C:/RailsInstaller/Ruby2.0.0/lib/ruby/gems/2.0.0/gems/actionpack-3.2.16/lib/action_dispatch/middleware/templates/rescues/_trace.erb (0.0ms)
  Rendered C:/RailsInstaller/Ruby2.0.0/lib/ruby/gems/2.0.0/gems/actionpack-3.2.16/lib/action_dispatch/middleware/templates/rescues/_request_and_response.erb (0.0ms)
  Rendered C:/RailsInstaller/Ruby2.0.0/lib/ruby/gems/2.0.0/gems/actionpack-3.2.16/lib/action_dispatch/middleware/templates/rescues/diagnostics.erb within rescues/layout (62.6ms)


Started GET "/tests" for 127.0.0.1 at 2015-05-23 13:15:00 +0200

ActionController::RoutingError (No route matches [GET] "/tests"):
  actionpack (3.2.16) lib/action_dispatch/middleware/debug_exceptions.rb:21:in `call'
  actionpack (3.2.16) lib/action_dispatch/middleware/show_exceptions.rb:56:in `call'
  railties (3.2.16) lib/rails/rack/logger.rb:32:in `call_app'
  railties (3.2.16) lib/rails/rack/logger.rb:16:in `block in call'
  activesupport (3.2.16) lib/active_support/tagged_logging.rb:22:in `tagged'
  railties (3.2.16) lib/rails/rack/logger.rb:16:in `call'
  actionpack (3.2.16) lib/action_dispatch/middleware/request_id.rb:22:in `call'
  rack (1.4.5) lib/rack/methodoverride.rb:21:in `call'
  rack (1.4.5) lib/rack/runtime.rb:17:in `call'
  activesupport (3.2.16) lib/active_support/cache/strategy/local_cache.rb:72:in `call'
  rack (1.4.5) lib/rack/lock.rb:15:in `call'
  actionpack (3.2.16) lib/action_dispatch/middleware/static.rb:63:in `call'
  railties (3.2.16) lib/rails/engine.rb:484:in `call'
  railties (3.2.16) lib/rails/application.rb:231:in `call'
  rack (1.4.5) lib/rack/content_length.rb:14:in `call'
  railties (3.2.16) lib/rails/rack/log_tailer.rb:17:in `call'
  rack (1.4.5) lib/rack/handler/webrick.rb:59:in `service'
  C:/RailsInstaller/Ruby2.0.0/lib/ruby/2.0.0/webrick/httpserver.rb:138:in `service'
  C:/RailsInstaller/Ruby2.0.0/lib/ruby/2.0.0/webrick/httpserver.rb:94:in `run'
  C:/RailsInstaller/Ruby2.0.0/lib/ruby/2.0.0/webrick/server.rb:295:in `block in start_thread'


  Rendered C:/RailsInstaller/Ruby2.0.0/lib/ruby/gems/2.0.0/gems/actionpack-3.2.16/lib/action_dispatch/middleware/templates/rescues/routing_error.erb within rescues/layout (0.0ms)


Started GET "/" for 127.0.0.1 at 2015-05-23 13:15:10 +0200
Processing by StoreController#index as HTML
Completed 500 Internal Server Error in 0.0ms

ActiveRecord::StatementInvalid (Could not find table 'products'):
  app/controllers/store_controller.rb:4:in `index'


  Rendered C:/RailsInstaller/Ruby2.0.0/lib/ruby/gems/2.0.0/gems/actionpack-3.2.16/lib/action_dispatch/middleware/templates/rescues/_trace.erb (0.0ms)
  Rendered C:/RailsInstaller/Ruby2.0.0/lib/ruby/gems/2.0.0/gems/actionpack-3.2.16/lib/action_dispatch/middleware/templates/rescues/_request_and_response.erb (0.0ms)
  Rendered C:/RailsInstaller/Ruby2.0.0/lib/ruby/gems/2.0.0/gems/actionpack-3.2.16/lib/action_dispatch/middleware/templates/rescues/diagnostics.erb within rescues/layout (62.5ms)
